[Sat Aug 13 11:04:47 2016 GMT] ------------------------------------------------
[Sat Aug 13 11:04:47 2016 GMT] G-WAN 7.12.6 64-bit (Feb  8 2016 16:33:28)
[Sat Aug 13 11:04:47 2016 GMT] ------------------------------------------------
[Sat Aug 13 11:04:47 2016 GMT] /srv/retailify/docker-gwan/gwan/gwan
[Sat Aug 13 11:04:47 2016 GMT] local time: Sat, 13 Aug 2016 13:04:47 GMT+2
[Sat Aug 13 11:04:47 2016 GMT] last system reboot: 2016-07-31 14:15
[Sat Aug 13 11:04:47 2016 GMT] RAM: (38.33 GiB free + 0 shared + 200.51 MiB buffers) / 47.22 GiB total
[Sat Aug 13 11:04:47 2016 GMT] physical pages: 38.33 GiB / 47.22 GiB
[Sat Aug 13 11:04:47 2016 GMT] disk: 2.74 TiB free / 2.75 TiB total
[Sat Aug 13 11:04:47 2016 GMT]  Filesystem     Type      Size  Used Avail Use% Mounted on
[Sat Aug 13 11:04:47 2016 GMT]  /dev/sda3      ext4      2.7T  7.8G  2.6T   1% /
[Sat Aug 13 11:04:47 2016 GMT]  devtmpfs       devtmpfs   24G     0   24G   0% /dev
[Sat Aug 13 11:04:47 2016 GMT]  tmpfs          tmpfs      24G   12K   24G   1% /dev/shm
[Sat Aug 13 11:04:47 2016 GMT]  tmpfs          tmpfs      24G  242M   24G   2% /run
[Sat Aug 13 11:04:47 2016 GMT]  tmpfs          tmpfs      24G     0   24G   0% /sys/fs/cgroup
[Sat Aug 13 11:04:47 2016 GMT]  /dev/sda2      ext4      488M  133M  320M  30% /boot
[Sat Aug 13 11:04:47 2016 GMT]  tmpfs          tmpfs     4.8G     0  4.8G   0% /run/user/0
[Sat Aug 13 11:04:47 2016 GMT]  tmpfs          tmpfs      24G     0   24G   0% /tmp
[Sat Aug 13 11:04:47 2016 GMT]  shm            tmpfs      64M     0   64M   0% /var/lib/docker/containers/d6675731a4291f292ec2d328078e294564a1a7971d994c267db1f7003bb96831/shm
[Sat Aug 13 11:04:47 2016 GMT]  shm            tmpfs      64M     0   64M   0% /var/lib/docker/containers/eac706814882a42a93c8922ec8d8076b85b81c5830dc9613c81a8c961adb6037/shm
[Sat Aug 13 11:04:47 2016 GMT]  shm            tmpfs      64M     0   64M   0% /var/lib/docker/containers/dc355b1d177dbf0a24c490b4f42f587abd4f2936a588095048ba0a74e8a36c59/shm
[Sat Aug 13 11:04:47 2016 GMT]  shm            tmpfs      64M     0   64M   0% /var/lib/docker/containers/8bb55da1b1140e182371a8664564280646a11b91bfd4077551ceabf7a7e9f52b/shm
[Sat Aug 13 11:04:47 2016 GMT] 1,028 processes, including pid:3970 './gwan'
[Sat Aug 13 11:04:47 2016 GMT] page-size:4,096 child-max:192,448 stream-max:16
[Sat Aug 13 11:04:47 2016 GMT] CPU: 2x Intel(R) Xeon(R) CPU E5620 @ 2.40GHz
[Sat Aug 13 11:04:47 2016 GMT]  0 id: 0   0,8
[Sat Aug 13 11:04:47 2016 GMT]  1 id: 1   1,9
[Sat Aug 13 11:04:47 2016 GMT]  2 id: 9  2,10
[Sat Aug 13 11:04:47 2016 GMT]  3 id:10  3,11
[Sat Aug 13 11:04:47 2016 GMT]  4 id: 0  4,12
[Sat Aug 13 11:04:47 2016 GMT]  5 id: 1  5,13
[Sat Aug 13 11:04:47 2016 GMT]  6 id: 9  6,14
[Sat Aug 13 11:04:47 2016 GMT]  7 id:10  7,15
[Sat Aug 13 11:04:47 2016 GMT]  8 id: 0   0,8
[Sat Aug 13 11:04:47 2016 GMT]  9 id: 1   1,9
[Sat Aug 13 11:04:47 2016 GMT] 10 id: 9  2,10
[Sat Aug 13 11:04:47 2016 GMT] 11 id:10  3,11
[Sat Aug 13 11:04:47 2016 GMT] 12 id: 0  4,12
[Sat Aug 13 11:04:47 2016 GMT] 13 id: 1  5,13
[Sat Aug 13 11:04:47 2016 GMT] 14 id: 9  6,14
[Sat Aug 13 11:04:47 2016 GMT] 15 id:10  7,15
[Sat Aug 13 11:04:47 2016 GMT] Cores: possible:0-23 present:0-15 online:0-15 
[Sat Aug 13 11:04:47 2016 GMT] L1d cache:   32K line:64   0,8
[Sat Aug 13 11:04:47 2016 GMT] L1i cache:   32K line:64   0,8
[Sat Aug 13 11:04:47 2016 GMT] L2  cache:  256K line:64   0,8
[Sat Aug 13 11:04:47 2016 GMT] L3  cache:12288K line:64 0-3,8
[Sat Aug 13 11:04:47 2016 GMT] NUMA node #1 0-3,8-11
[Sat Aug 13 11:04:47 2016 GMT] NUMA node #2 4-7,12-15
[Sat Aug 13 11:04:47 2016 GMT] CPU(s):2, Core(s)/CPU:4, Thread(s)/Core:2
[Sat Aug 13 11:04:47 2016 GMT] bogomips: 4,800.35 (per physical CPU Core)
[Sat Aug 13 11:04:47 2016 GMT] virtualization: VT-x
[Sat Aug 13 11:04:47 2016 GMT]   using   8 workers 0[11111111]7
[Sat Aug 13 11:04:47 2016 GMT]   among  16 threads 0[11111111][11111111]15
[Sat Aug 13 11:04:47 2016 GMT] 64-bit little-endian (least significant byte first)
[Sat Aug 13 11:04:47 2016 GMT] \S (3.10.0-327.22.2.) 64-bit
[Sat Aug 13 11:04:47 2016 GMT] user: root (uid:0), group: root (uid:0)
[Sat Aug 13 11:04:47 2016 GMT] backlog: 2,048
[Sat Aug 13 11:04:47 2016 GMT] epoll_fds: 10,089,820
[Sat Aug 13 11:04:47 2016 GMT] port range: 4096-65500
[Sat Aug 13 11:04:47 2016 GMT] system  fd_max: 1,024
[Sat Aug 13 11:04:47 2016 GMT] program fd_max: 1,024
[Sat Aug 13 11:04:47 2016 GMT] updated fd_max: 1,048,576
[Sat Aug 13 11:04:47 2016 GMT] virt max: -1, stack:8.00 MiB
[Sat Aug 13 11:04:47 2016 GMT] nic: hw
nic: 05:00.0 Ethernet controller: Intel Corporation 82571EB Gigabit Ethernet Controller (rev 06)
nic: 05:00.1 Ethernet controller: Intel Corporation 82571EB Gigabit Ethernet Controller (rev 06)
nic: 07:00.0 Ethernet controller: Intel Corporation 82576 Gigabit Network Connection (rev 01)
nic: 07:00.1 Ethernet controller: Intel Corporation 82576 Gigabit Network Connection (rev 01)
[Sat Aug 13 11:04:47 2016 GMT]  docker0: driver: bridge
 docker0: version: 2.3
 docker0: bus-info: N/A
 docker_gwbridge: driver: bridge
 docker_gwbridge: version: 2.3
 docker_gwbridge: bus-info: N/A
 enp5s0f0: driver: e1000e
 enp5s0f0: version: 3.2.5-k
 enp5s0f0: bus-info: 0000:05:00.0
 enp5s0f1: driver: e1000e
 enp5s0f1: version: 3.2.5-k
 enp5s0f1: bus-info: 0000:05:00.1
 enp7s0f0: driver: igb
 enp7s0f0: version: 5.2.15-k
 enp7s0f0: bus-info: 0000:07:00.0
 enp7s0f1: driver: igb
 enp7s0f1: version: 5.2.15-k
 enp7s0f1: bus-info: 0000:07:00.1
 veth123f725: driver: veth
 veth123f725: version: 1.0
 veth123f725: bus-info: 
 veth210243e: driver: veth
 veth210243e: version: 1.0
 veth210243e: bus-info: 
 vetha83be9a: driver: veth
 vetha83be9a: version: 1.0
 vetha83be9a: bus-info: 
 vethc905764: driver: veth
 vethc905764: version: 1.0
 vethc905764: bus-info: 

[Sat Aug 13 11:04:47 2016 GMT] nic: ip addresses (4)
[Sat Aug 13 11:04:47 2016 GMT]  127.0.0.1
[Sat Aug 13 11:04:47 2016 GMT]  192.168.160.56
[Sat Aug 13 11:04:47 2016 GMT]  172.17.0.1
[Sat Aug 13 11:04:47 2016 GMT]  172.18.0.1
[Sat Aug 13 11:04:47 2016 GMT] gcc version 4.8.5 20150623
[Sat Aug 13 11:04:47 2016 GMT] minify:n caches: query_char:? default_lang:ANSI C
[Sat Aug 13 11:04:47 2016 GMT] memory footprint: 1.74 MiB
[Sat Aug 13 11:04:47 2016 GMT] host 0.0.0.0:8080
[Sat Aug 13 11:04:47 2016 GMT]  plain /100.html
[Sat Aug 13 11:04:47 2016 GMT]  loaded hello.py                        2.36 KiB   FP:4737de7c-9fb55988-c972a06c-54bd1911
[Sat Aug 13 11:04:47 2016 GMT]  loaded captcha.c                      22.61 KiB   FP:3b7937c5-5cccd2e9-0cb3506d-4e7694e6
[Sat Aug 13 11:04:47 2016 GMT]  loaded entity.c                       22.16 KiB   FP:b685ed2a-0658cbd3-260c7415-c8b83293
[Sat Aug 13 11:04:47 2016 GMT]  loaded setheaders.c                   18.36 KiB   FP:83812da3-9fa4c46a-43fd6cb6-d474ae2b
[Sat Aug 13 11:04:47 2016 GMT]  loaded httptime.c                     18.22 KiB   FP:7dbb3b3b-ef6e9283-a501e99f-914cf065
[Sat Aug 13 11:04:47 2016 GMT]  loaded redirect2.c                    17.92 KiB   FP:539176d6-c9afa7c6-8c3bac07-61e0589c
[Sat Aug 13 11:04:47 2016 GMT]  loaded cmd_loan.c                     22.48 KiB   FP:cb05aa23-5f062bda-6ec29cc0-5748169e
[Sat Aug 13 11:04:47 2016 GMT]  loaded cookies.c                      18.16 KiB   FP:dac644f8-137f7074-f00fb7ff-6182f5df
[Sat Aug 13 11:04:47 2016 GMT]  loaded entity_size.c                  17.10 KiB   FP:a81ab32a-333ad7a7-961b2068-a0409cee
[Sat Aug 13 11:04:47 2016 GMT]  loaded forum.c                        22.74 KiB   FP:dc626a40-e80582b2-11962876-11c2d150
[Sat Aug 13 11:04:47 2016 GMT]  loaded hellox.c                       17.10 KiB   FP:b4389c21-21ce9b7c-82c507ed-695f81a9
[Sat Aug 13 11:04:47 2016 GMT]  loaded redirect.c                     17.10 KiB   FP:bb7e56b7-05365418-8a27da20-7b2790a6
[Sat Aug 13 11:04:47 2016 GMT]  loaded asm.c                          17.93 KiB   FP:8c05ad81-ac9164cf-d6b11809-0406260e
[Sat Aug 13 11:04:47 2016 GMT]  loaded getheaders.c                   22.31 KiB   FP:61f27dc5-43b1298c-729ea789-97721a26
[Sat Aug 13 11:04:47 2016 GMT] Error(s) in hello.go
[Sat Aug 13 11:04:47 2016 GMT] exit(1): Error(s) in hello.go
[Sat Aug 13 11:07:07 2016 GMT] ------------------------------------------------
[Sat Aug 13 11:07:07 2016 GMT] G-WAN 7.12.6 64-bit (Feb  8 2016 16:33:28)
[Sat Aug 13 11:07:07 2016 GMT] ------------------------------------------------
[Sat Aug 13 11:07:07 2016 GMT] /srv/retailify/docker-gwan/gwan/gwan
[Sat Aug 13 11:07:07 2016 GMT] local time: Sat, 13 Aug 2016 13:07:07 GMT+2
[Sat Aug 13 11:07:07 2016 GMT] last system reboot: 2016-07-31 14:15
[Sat Aug 13 11:07:07 2016 GMT] RAM: (38.32 GiB free + 0 shared + 200.52 MiB buffers) / 47.22 GiB total
[Sat Aug 13 11:07:07 2016 GMT] physical pages: 38.32 GiB / 47.22 GiB
[Sat Aug 13 11:07:07 2016 GMT] disk: 2.74 TiB free / 2.75 TiB total
[Sat Aug 13 11:07:07 2016 GMT]  Filesystem     Type      Size  Used Avail Use% Mounted on
[Sat Aug 13 11:07:07 2016 GMT]  /dev/sda3      ext4      2.7T  7.7G  2.6T   1% /
[Sat Aug 13 11:07:07 2016 GMT]  devtmpfs       devtmpfs   24G     0   24G   0% /dev
[Sat Aug 13 11:07:07 2016 GMT]  tmpfs          tmpfs      24G   12K   24G   1% /dev/shm
[Sat Aug 13 11:07:07 2016 GMT]  tmpfs          tmpfs      24G  242M   24G   2% /run
[Sat Aug 13 11:07:07 2016 GMT]  tmpfs          tmpfs      24G     0   24G   0% /sys/fs/cgroup
[Sat Aug 13 11:07:07 2016 GMT]  /dev/sda2      ext4      488M  133M  320M  30% /boot
[Sat Aug 13 11:07:07 2016 GMT]  tmpfs          tmpfs     4.8G     0  4.8G   0% /run/user/0
[Sat Aug 13 11:07:07 2016 GMT]  tmpfs          tmpfs      24G     0   24G   0% /tmp
[Sat Aug 13 11:07:07 2016 GMT]  shm            tmpfs      64M     0   64M   0% /var/lib/docker/containers/d6675731a4291f292ec2d328078e294564a1a7971d994c267db1f7003bb96831/shm
[Sat Aug 13 11:07:07 2016 GMT]  shm            tmpfs      64M     0   64M   0% /var/lib/docker/containers/eac706814882a42a93c8922ec8d8076b85b81c5830dc9613c81a8c961adb6037/shm
[Sat Aug 13 11:07:07 2016 GMT]  shm            tmpfs      64M     0   64M   0% /var/lib/docker/containers/dc355b1d177dbf0a24c490b4f42f587abd4f2936a588095048ba0a74e8a36c59/shm
[Sat Aug 13 11:07:07 2016 GMT]  shm            tmpfs      64M     0   64M   0% /var/lib/docker/containers/8bb55da1b1140e182371a8664564280646a11b91bfd4077551ceabf7a7e9f52b/shm
[Sat Aug 13 11:07:07 2016 GMT] 1,023 processes, including pid:9171 './gwan'
[Sat Aug 13 11:07:07 2016 GMT] page-size:4,096 child-max:192,448 stream-max:16
[Sat Aug 13 11:07:07 2016 GMT] CPU: 2x Intel(R) Xeon(R) CPU E5620 @ 2.40GHz
[Sat Aug 13 11:07:07 2016 GMT]  0 id: 0   0,8
[Sat Aug 13 11:07:07 2016 GMT]  1 id: 1   1,9
[Sat Aug 13 11:07:07 2016 GMT]  2 id: 9  2,10
[Sat Aug 13 11:07:07 2016 GMT]  3 id:10  3,11
[Sat Aug 13 11:07:07 2016 GMT]  4 id: 0  4,12
[Sat Aug 13 11:07:07 2016 GMT]  5 id: 1  5,13
[Sat Aug 13 11:07:07 2016 GMT]  6 id: 9  6,14
[Sat Aug 13 11:07:07 2016 GMT]  7 id:10  7,15
[Sat Aug 13 11:07:07 2016 GMT]  8 id: 0   0,8
[Sat Aug 13 11:07:07 2016 GMT]  9 id: 1   1,9
[Sat Aug 13 11:07:07 2016 GMT] 10 id: 9  2,10
[Sat Aug 13 11:07:07 2016 GMT] 11 id:10  3,11
[Sat Aug 13 11:07:07 2016 GMT] 12 id: 0  4,12
[Sat Aug 13 11:07:07 2016 GMT] 13 id: 1  5,13
[Sat Aug 13 11:07:07 2016 GMT] 14 id: 9  6,14
[Sat Aug 13 11:07:07 2016 GMT] 15 id:10  7,15
[Sat Aug 13 11:07:07 2016 GMT] Cores: possible:0-23 present:0-15 online:0-15 
[Sat Aug 13 11:07:07 2016 GMT] L1d cache:   32K line:64   0,8
[Sat Aug 13 11:07:07 2016 GMT] L1i cache:   32K line:64   0,8
[Sat Aug 13 11:07:07 2016 GMT] L2  cache:  256K line:64   0,8
[Sat Aug 13 11:07:07 2016 GMT] L3  cache:12288K line:64 0-3,8
[Sat Aug 13 11:07:07 2016 GMT] NUMA node #1 0-3,8-11
[Sat Aug 13 11:07:07 2016 GMT] NUMA node #2 4-7,12-15
[Sat Aug 13 11:07:07 2016 GMT] CPU(s):2, Core(s)/CPU:4, Thread(s)/Core:2
[Sat Aug 13 11:07:07 2016 GMT] bogomips: 4,800.35 (per physical CPU Core)
[Sat Aug 13 11:07:07 2016 GMT] virtualization: VT-x
[Sat Aug 13 11:07:07 2016 GMT]   using   8 workers 0[11111111]7
[Sat Aug 13 11:07:07 2016 GMT]   among  16 threads 0[11111111][11111111]15
[Sat Aug 13 11:07:07 2016 GMT] 64-bit little-endian (least significant byte first)
[Sat Aug 13 11:07:07 2016 GMT] \S (3.10.0-327.22.2.) 64-bit
[Sat Aug 13 11:07:07 2016 GMT] user: root (uid:0), group: root (uid:0)
[Sat Aug 13 11:07:07 2016 GMT] backlog: 2,048
[Sat Aug 13 11:07:07 2016 GMT] epoll_fds: 10,089,820
[Sat Aug 13 11:07:07 2016 GMT] port range: 4096-65500
[Sat Aug 13 11:07:07 2016 GMT] system  fd_max: 1,024
[Sat Aug 13 11:07:07 2016 GMT] program fd_max: 1,024
[Sat Aug 13 11:07:07 2016 GMT] updated fd_max: 1,048,576
[Sat Aug 13 11:07:07 2016 GMT] virt max: -1, stack:8.00 MiB
[Sat Aug 13 11:07:07 2016 GMT] nic: hw
nic: 05:00.0 Ethernet controller: Intel Corporation 82571EB Gigabit Ethernet Controller (rev 06)
nic: 05:00.1 Ethernet controller: Intel Corporation 82571EB Gigabit Ethernet Controller (rev 06)
nic: 07:00.0 Ethernet controller: Intel Corporation 82576 Gigabit Network Connection (rev 01)
nic: 07:00.1 Ethernet controller: Intel Corporation 82576 Gigabit Network Connection (rev 01)
[Sat Aug 13 11:07:07 2016 GMT]  docker0: driver: bridge
 docker0: version: 2.3
 docker0: bus-info: N/A
 docker_gwbridge: driver: bridge
 docker_gwbridge: version: 2.3
 docker_gwbridge: bus-info: N/A
 enp5s0f0: driver: e1000e
 enp5s0f0: version: 3.2.5-k
 enp5s0f0: bus-info: 0000:05:00.0
 enp5s0f1: driver: e1000e
 enp5s0f1: version: 3.2.5-k
 enp5s0f1: bus-info: 0000:05:00.1
 enp7s0f0: driver: igb
 enp7s0f0: version: 5.2.15-k
 enp7s0f0: bus-info: 0000:07:00.0
 enp7s0f1: driver: igb
 enp7s0f1: version: 5.2.15-k
 enp7s0f1: bus-info: 0000:07:00.1
 veth123f725: driver: veth
 veth123f725: version: 1.0
 veth123f725: bus-info: 
 veth210243e: driver: veth
 veth210243e: version: 1.0
 veth210243e: bus-info: 
 vetha83be9a: driver: veth
 vetha83be9a: version: 1.0
 vetha83be9a: bus-info: 
 vethc905764: driver: veth
 vethc905764: version: 1.0
 vethc905764: bus-info: 

[Sat Aug 13 11:07:07 2016 GMT] nic: ip addresses (4)
[Sat Aug 13 11:07:07 2016 GMT]  127.0.0.1
[Sat Aug 13 11:07:07 2016 GMT]  192.168.160.56
[Sat Aug 13 11:07:07 2016 GMT]  172.17.0.1
[Sat Aug 13 11:07:07 2016 GMT]  172.18.0.1
[Sat Aug 13 11:07:07 2016 GMT] gcc version 4.8.5 20150623
[Sat Aug 13 11:07:07 2016 GMT] minify:n caches: query_char:? default_lang:ANSI C
[Sat Aug 13 11:07:07 2016 GMT] memory footprint: 1.74 MiB
[Sat Aug 13 11:07:07 2016 GMT] host 0.0.0.0:8080
[Sat Aug 13 11:07:07 2016 GMT]  plain /index.html
[Sat Aug 13 11:07:07 2016 GMT] host 0.0.0.0:8081_PONG
[Sat Aug 13 11:07:07 2016 GMT]  loaded Protocol Handler PONG.c        18.08 KiB   FP:5ba58938-b991e15d-b19ca629-827a0721
[Sat Aug 13 11:07:07 2016 GMT] memory footprint: 19.10 MiB
[Sat Aug 13 11:07:07 2016 GMT] * can't change for group 'www-data'
[Sat Aug 13 11:07:07 2016 GMT] * can't change for user 'www-data'
[Sat Aug 13 11:08:26 2016 GMT] ------------------------------------------------
[Sat Aug 13 11:08:26 2016 GMT] G-WAN 7.12.6 64-bit (Feb  8 2016 16:33:28)
[Sat Aug 13 11:08:26 2016 GMT] ------------------------------------------------
[Sat Aug 13 11:08:26 2016 GMT] /srv/retailify/docker-gwan/gwan/gwan
[Sat Aug 13 11:08:26 2016 GMT] local time: Sat, 13 Aug 2016 13:08:26 GMT+2
[Sat Aug 13 11:08:26 2016 GMT] last system reboot: 2016-07-31 14:15
[Sat Aug 13 11:08:26 2016 GMT] RAM: (38.32 GiB free + 0 shared + 200.52 MiB buffers) / 47.22 GiB total
[Sat Aug 13 11:08:26 2016 GMT] physical pages: 38.32 GiB / 47.22 GiB
[Sat Aug 13 11:08:26 2016 GMT] disk: 2.74 TiB free / 2.75 TiB total
[Sat Aug 13 11:08:26 2016 GMT]  Filesystem     Type      Size  Used Avail Use% Mounted on
[Sat Aug 13 11:08:26 2016 GMT]  /dev/sda3      ext4      2.7T  7.7G  2.6T   1% /
[Sat Aug 13 11:08:26 2016 GMT]  devtmpfs       devtmpfs   24G     0   24G   0% /dev
[Sat Aug 13 11:08:26 2016 GMT]  tmpfs          tmpfs      24G   12K   24G   1% /dev/shm
[Sat Aug 13 11:08:26 2016 GMT]  tmpfs          tmpfs      24G  242M   24G   2% /run
[Sat Aug 13 11:08:26 2016 GMT]  tmpfs          tmpfs      24G     0   24G   0% /sys/fs/cgroup
[Sat Aug 13 11:08:26 2016 GMT]  /dev/sda2      ext4      488M  133M  320M  30% /boot
[Sat Aug 13 11:08:26 2016 GMT]  tmpfs          tmpfs     4.8G     0  4.8G   0% /run/user/0
[Sat Aug 13 11:08:26 2016 GMT]  tmpfs          tmpfs      24G     0   24G   0% /tmp
[Sat Aug 13 11:08:26 2016 GMT]  shm            tmpfs      64M     0   64M   0% /var/lib/docker/containers/d6675731a4291f292ec2d328078e294564a1a7971d994c267db1f7003bb96831/shm
[Sat Aug 13 11:08:26 2016 GMT]  shm            tmpfs      64M     0   64M   0% /var/lib/docker/containers/eac706814882a42a93c8922ec8d8076b85b81c5830dc9613c81a8c961adb6037/shm
[Sat Aug 13 11:08:26 2016 GMT]  shm            tmpfs      64M     0   64M   0% /var/lib/docker/containers/dc355b1d177dbf0a24c490b4f42f587abd4f2936a588095048ba0a74e8a36c59/shm
[Sat Aug 13 11:08:26 2016 GMT]  shm            tmpfs      64M     0   64M   0% /var/lib/docker/containers/8bb55da1b1140e182371a8664564280646a11b91bfd4077551ceabf7a7e9f52b/shm
[Sat Aug 13 11:08:26 2016 GMT] 1,023 processes, including pid:11961 './gwan'
[Sat Aug 13 11:08:26 2016 GMT] page-size:4,096 child-max:192,448 stream-max:16
[Sat Aug 13 11:08:26 2016 GMT] CPU: 2x Intel(R) Xeon(R) CPU E5620 @ 2.40GHz
[Sat Aug 13 11:08:26 2016 GMT]  0 id: 0   0,8
[Sat Aug 13 11:08:26 2016 GMT]  1 id: 1   1,9
[Sat Aug 13 11:08:26 2016 GMT]  2 id: 9  2,10
[Sat Aug 13 11:08:26 2016 GMT]  3 id:10  3,11
[Sat Aug 13 11:08:26 2016 GMT]  4 id: 0  4,12
[Sat Aug 13 11:08:26 2016 GMT]  5 id: 1  5,13
[Sat Aug 13 11:08:26 2016 GMT]  6 id: 9  6,14
[Sat Aug 13 11:08:26 2016 GMT]  7 id:10  7,15
[Sat Aug 13 11:08:26 2016 GMT]  8 id: 0   0,8
[Sat Aug 13 11:08:26 2016 GMT]  9 id: 1   1,9
[Sat Aug 13 11:08:26 2016 GMT] 10 id: 9  2,10
[Sat Aug 13 11:08:26 2016 GMT] 11 id:10  3,11
[Sat Aug 13 11:08:26 2016 GMT] 12 id: 0  4,12
[Sat Aug 13 11:08:26 2016 GMT] 13 id: 1  5,13
[Sat Aug 13 11:08:26 2016 GMT] 14 id: 9  6,14
[Sat Aug 13 11:08:26 2016 GMT] 15 id:10  7,15
[Sat Aug 13 11:08:26 2016 GMT] Cores: possible:0-23 present:0-15 online:0-15 
[Sat Aug 13 11:08:26 2016 GMT] L1d cache:   32K line:64   0,8
[Sat Aug 13 11:08:26 2016 GMT] L1i cache:   32K line:64   0,8
[Sat Aug 13 11:08:26 2016 GMT] L2  cache:  256K line:64   0,8
[Sat Aug 13 11:08:26 2016 GMT] L3  cache:12288K line:64 0-3,8
[Sat Aug 13 11:08:26 2016 GMT] NUMA node #1 0-3,8-11
[Sat Aug 13 11:08:26 2016 GMT] NUMA node #2 4-7,12-15
[Sat Aug 13 11:08:26 2016 GMT] CPU(s):2, Core(s)/CPU:4, Thread(s)/Core:2
[Sat Aug 13 11:08:26 2016 GMT] bogomips: 4,800.35 (per physical CPU Core)
[Sat Aug 13 11:08:26 2016 GMT] virtualization: VT-x
[Sat Aug 13 11:08:26 2016 GMT]   using   8 workers 0[11111111]7
[Sat Aug 13 11:08:26 2016 GMT]   among  16 threads 0[11111111][11111111]15
[Sat Aug 13 11:08:26 2016 GMT] 64-bit little-endian (least significant byte first)
[Sat Aug 13 11:08:26 2016 GMT] \S (3.10.0-327.22.2.) 64-bit
[Sat Aug 13 11:08:26 2016 GMT] user: root (uid:0), group: root (uid:0)
[Sat Aug 13 11:08:26 2016 GMT] backlog: 2,048
[Sat Aug 13 11:08:26 2016 GMT] epoll_fds: 10,089,820
[Sat Aug 13 11:08:26 2016 GMT] port range: 4096-65500
[Sat Aug 13 11:08:26 2016 GMT] system  fd_max: 1,024
[Sat Aug 13 11:08:26 2016 GMT] program fd_max: 1,024
[Sat Aug 13 11:08:26 2016 GMT] updated fd_max: 1,048,576
[Sat Aug 13 11:08:26 2016 GMT] virt max: -1, stack:8.00 MiB
[Sat Aug 13 11:08:26 2016 GMT] nic: hw
nic: 05:00.0 Ethernet controller: Intel Corporation 82571EB Gigabit Ethernet Controller (rev 06)
nic: 05:00.1 Ethernet controller: Intel Corporation 82571EB Gigabit Ethernet Controller (rev 06)
nic: 07:00.0 Ethernet controller: Intel Corporation 82576 Gigabit Network Connection (rev 01)
nic: 07:00.1 Ethernet controller: Intel Corporation 82576 Gigabit Network Connection (rev 01)
[Sat Aug 13 11:08:26 2016 GMT]  docker0: driver: bridge
 docker0: version: 2.3
 docker0: bus-info: N/A
 docker_gwbridge: driver: bridge
 docker_gwbridge: version: 2.3
 docker_gwbridge: bus-info: N/A
 enp5s0f0: driver: e1000e
 enp5s0f0: version: 3.2.5-k
 enp5s0f0: bus-info: 0000:05:00.0
 enp5s0f1: driver: e1000e
 enp5s0f1: version: 3.2.5-k
 enp5s0f1: bus-info: 0000:05:00.1
 enp7s0f0: driver: igb
 enp7s0f0: version: 5.2.15-k
 enp7s0f0: bus-info: 0000:07:00.0
 enp7s0f1: driver: igb
 enp7s0f1: version: 5.2.15-k
 enp7s0f1: bus-info: 0000:07:00.1
 veth123f725: driver: veth
 veth123f725: version: 1.0
 veth123f725: bus-info: 
 veth210243e: driver: veth
 veth210243e: version: 1.0
 veth210243e: bus-info: 
 vetha83be9a: driver: veth
 vetha83be9a: version: 1.0
 vetha83be9a: bus-info: 
 vethc905764: driver: veth
 vethc905764: version: 1.0
 vethc905764: bus-info: 

[Sat Aug 13 11:08:26 2016 GMT] nic: ip addresses (4)
[Sat Aug 13 11:08:26 2016 GMT]  127.0.0.1
[Sat Aug 13 11:08:26 2016 GMT]  192.168.160.56
[Sat Aug 13 11:08:26 2016 GMT]  172.17.0.1
[Sat Aug 13 11:08:26 2016 GMT]  172.18.0.1
[Sat Aug 13 11:08:26 2016 GMT] gcc version 4.8.5 20150623
[Sat Aug 13 11:08:26 2016 GMT] minify:n caches: query_char:? default_lang:ANSI C
[Sat Aug 13 11:08:26 2016 GMT] memory footprint: 1.74 MiB
[Sat Aug 13 11:08:26 2016 GMT] host 0.0.0.0:8080
[Sat Aug 13 11:08:26 2016 GMT]  plain /index.html
[Sat Aug 13 11:08:26 2016 GMT] memory footprint: 23.10 MiB
[Sat Aug 13 11:08:26 2016 GMT] * can't change for group 'www-data'
[Sat Aug 13 11:08:26 2016 GMT] * can't change for user 'www-data'
[Sat Aug 13 13:07:38 2016 GMT] ------------------------------------------------
[Sat Aug 13 13:07:38 2016 GMT] G-WAN 7.12.6 64-bit (Feb  8 2016 16:33:28)
[Sat Aug 13 13:07:38 2016 GMT] ------------------------------------------------
[Sat Aug 13 13:07:38 2016 GMT] /srv/retailify/docker-gwan/gwan/gwan
[Sat Aug 13 13:07:38 2016 GMT] local time: Sat, 13 Aug 2016 15:07:38 GMT+2
[Sat Aug 13 13:07:38 2016 GMT] last system reboot: 2016-07-31 14:15
[Sat Aug 13 13:07:38 2016 GMT] RAM: (38.11 GiB free + 0 shared + 201.40 MiB buffers) / 47.22 GiB total
[Sat Aug 13 13:07:38 2016 GMT] physical pages: 38.11 GiB / 47.22 GiB
[Sat Aug 13 13:07:38 2016 GMT] disk: 2.74 TiB free / 2.75 TiB total
[Sat Aug 13 13:07:38 2016 GMT]  Filesystem     Type      Size  Used Avail Use% Mounted on
[Sat Aug 13 13:07:38 2016 GMT]  /dev/sda3      ext4      2.7T  7.9G  2.6T   1% /
[Sat Aug 13 13:07:38 2016 GMT]  devtmpfs       devtmpfs   24G     0   24G   0% /dev
[Sat Aug 13 13:07:38 2016 GMT]  tmpfs          tmpfs      24G   12K   24G   1% /dev/shm
[Sat Aug 13 13:07:38 2016 GMT]  tmpfs          tmpfs      24G  242M   24G   2% /run
[Sat Aug 13 13:07:38 2016 GMT]  tmpfs          tmpfs      24G     0   24G   0% /sys/fs/cgroup
[Sat Aug 13 13:07:38 2016 GMT]  /dev/sda2      ext4      488M  133M  320M  30% /boot
[Sat Aug 13 13:07:38 2016 GMT]  tmpfs          tmpfs     4.8G     0  4.8G   0% /run/user/0
[Sat Aug 13 13:07:38 2016 GMT]  tmpfs          tmpfs      24G     0   24G   0% /tmp
[Sat Aug 13 13:07:38 2016 GMT]  shm            tmpfs      64M     0   64M   0% /var/lib/docker/containers/d6675731a4291f292ec2d328078e294564a1a7971d994c267db1f7003bb96831/shm
[Sat Aug 13 13:07:38 2016 GMT]  shm            tmpfs      64M     0   64M   0% /var/lib/docker/containers/eac706814882a42a93c8922ec8d8076b85b81c5830dc9613c81a8c961adb6037/shm
[Sat Aug 13 13:07:38 2016 GMT]  shm            tmpfs      64M     0   64M   0% /var/lib/docker/containers/dc355b1d177dbf0a24c490b4f42f587abd4f2936a588095048ba0a74e8a36c59/shm
[Sat Aug 13 13:07:38 2016 GMT]  shm            tmpfs      64M     0   64M   0% /var/lib/docker/containers/8bb55da1b1140e182371a8664564280646a11b91bfd4077551ceabf7a7e9f52b/shm
[Sat Aug 13 13:07:38 2016 GMT]  shm            tmpfs      64M     0   64M   0% /var/lib/docker/containers/7000dddf0decd72805337490a5213f1686c6fb3d8aa7865722eb8f9b59fb9b39/shm
[Sat Aug 13 13:07:38 2016 GMT]  shm            tmpfs      64M     0   64M   0% /var/lib/docker/containers/c12f73374c640a525659cb8ebb092e60ab6f6d3102376e5cd9334a510f21c877/shm
[Sat Aug 13 13:07:38 2016 GMT] 1,095 processes, including pid:4118 '/opt/gwan/gwan'
[Sat Aug 13 13:07:38 2016 GMT] page-size:4,096 child-max:192,448 stream-max:16
[Sat Aug 13 13:07:38 2016 GMT] CPU: 2x Intel(R) Xeon(R) CPU E5620 @ 2.40GHz
[Sat Aug 13 13:07:38 2016 GMT]  0 id: 0   0,8
[Sat Aug 13 13:07:38 2016 GMT]  1 id: 1   1,9
[Sat Aug 13 13:07:38 2016 GMT]  2 id: 9  2,10
[Sat Aug 13 13:07:38 2016 GMT]  3 id:10  3,11
[Sat Aug 13 13:07:38 2016 GMT]  4 id: 0  4,12
[Sat Aug 13 13:07:38 2016 GMT]  5 id: 1  5,13
[Sat Aug 13 13:07:38 2016 GMT]  6 id: 9  6,14
[Sat Aug 13 13:07:38 2016 GMT]  7 id:10  7,15
[Sat Aug 13 13:07:38 2016 GMT]  8 id: 0   0,8
[Sat Aug 13 13:07:38 2016 GMT]  9 id: 1   1,9
[Sat Aug 13 13:07:38 2016 GMT] 10 id: 9  2,10
[Sat Aug 13 13:07:38 2016 GMT] 11 id:10  3,11
[Sat Aug 13 13:07:38 2016 GMT] 12 id: 0  4,12
[Sat Aug 13 13:07:38 2016 GMT] 13 id: 1  5,13
[Sat Aug 13 13:07:38 2016 GMT] 14 id: 9  6,14
[Sat Aug 13 13:07:38 2016 GMT] 15 id:10  7,15
[Sat Aug 13 13:07:38 2016 GMT] Cores: possible:0-23 present:0-15 online:0-15 
[Sat Aug 13 13:07:38 2016 GMT] L1d cache:   32K line:64   0,8
[Sat Aug 13 13:07:38 2016 GMT] L1i cache:   32K line:64   0,8
[Sat Aug 13 13:07:38 2016 GMT] L2  cache:  256K line:64   0,8
[Sat Aug 13 13:07:38 2016 GMT] L3  cache:12288K line:64 0-3,8
[Sat Aug 13 13:07:38 2016 GMT] NUMA node #1 0-3,8-11
[Sat Aug 13 13:07:38 2016 GMT] NUMA node #2 4-7,12-15
[Sat Aug 13 13:07:38 2016 GMT] CPU(s):2, Core(s)/CPU:4, Thread(s)/Core:2
[Sat Aug 13 13:07:38 2016 GMT] bogomips: 4,800.35 (per physical CPU Core)
[Sat Aug 13 13:07:38 2016 GMT] virtualization: VT-x
[Sat Aug 13 13:07:38 2016 GMT]   using   8 workers 0[11111111]7
[Sat Aug 13 13:07:38 2016 GMT]   among  16 threads 0[11111111][11111111]15
[Sat Aug 13 13:07:38 2016 GMT] 64-bit little-endian (least significant byte first)
[Sat Aug 13 13:07:38 2016 GMT] \S (3.10.0-327.22.2.) 64-bit
[Sat Aug 13 13:07:38 2016 GMT] user: root (uid:0), group: root (uid:0)
[Sat Aug 13 13:07:38 2016 GMT] backlog: 2,048
[Sat Aug 13 13:07:38 2016 GMT] epoll_fds: 10,089,820
[Sat Aug 13 13:07:38 2016 GMT] port range: 4096-65500
[Sat Aug 13 13:07:38 2016 GMT] system  fd_max: 1,024
[Sat Aug 13 13:07:38 2016 GMT] program fd_max: 1,024
[Sat Aug 13 13:07:38 2016 GMT] updated fd_max: 1,048,576
[Sat Aug 13 13:07:38 2016 GMT] virt max: -1, stack:8.00 MiB
[Sat Aug 13 13:07:38 2016 GMT] nic: hw
nic: 05:00.0 Ethernet controller: Intel Corporation 82571EB Gigabit Ethernet Controller (rev 06)
nic: 05:00.1 Ethernet controller: Intel Corporation 82571EB Gigabit Ethernet Controller (rev 06)
nic: 07:00.0 Ethernet controller: Intel Corporation 82576 Gigabit Network Connection (rev 01)
nic: 07:00.1 Ethernet controller: Intel Corporation 82576 Gigabit Network Connection (rev 01)
[Sat Aug 13 13:07:38 2016 GMT]  docker0: driver: bridge
 docker0: version: 2.3
 docker0: bus-info: N/A
 docker_gwbridge: driver: bridge
 docker_gwbridge: version: 2.3
 docker_gwbridge: bus-info: N/A
 enp5s0f0: driver: e1000e
 enp5s0f0: version: 3.2.5-k
 enp5s0f0: bus-info: 0000:05:00.0
 enp5s0f1: driver: e1000e
 enp5s0f1: version: 3.2.5-k
 enp5s0f1: bus-info: 0000:05:00.1
 enp7s0f0: driver: igb
 enp7s0f0: version: 5.2.15-k
 enp7s0f0: bus-info: 0000:07:00.0
 enp7s0f1: driver: igb
 enp7s0f1: version: 5.2.15-k
 enp7s0f1: bus-info: 0000:07:00.1
 veth123f725: driver: veth
 veth123f725: version: 1.0
 veth123f725: bus-info: 
 veth210243e: driver: veth
 veth210243e: version: 1.0
 veth210243e: bus-info: 
 veth970cf58: driver: veth
 veth970cf58: version: 1.0
 veth970cf58: bus-info: 
 vetha83be9a: driver: veth
 vetha83be9a: version: 1.0
 vetha83be9a: bus-info: 
 vethc905764: driver: veth
 vethc905764: version: 1.0
 vethc905764: bus-info: 
 vethd38dd52: driver: veth
 vethd38dd52: version: 1.0
 vethd38dd52: bus-info: 

[Sat Aug 13 13:07:38 2016 GMT] nic: ip addresses (4)
[Sat Aug 13 13:07:38 2016 GMT]  127.0.0.1
[Sat Aug 13 13:07:38 2016 GMT]  192.168.160.56
[Sat Aug 13 13:07:38 2016 GMT]  172.17.0.1
[Sat Aug 13 13:07:38 2016 GMT]  172.18.0.1
[Sat Aug 13 13:07:38 2016 GMT] gcc version 4.8.5 20150623
[Sat Aug 13 13:07:38 2016 GMT] minify:n caches: query_char:? default_lang:ANSI C
[Sat Aug 13 13:07:38 2016 GMT] memory footprint: 1.74 MiB
[Sat Aug 13 13:07:38 2016 GMT] host 0.0.0.0:80
[Sat Aug 13 13:07:38 2016 GMT]  plain /100.html
[Sat Aug 13 13:07:38 2016 GMT]  loaded hello.py                        2.36 KiB   FP:4737de7c-9fb55988-c972a06c-54bd1911
[Sat Aug 13 13:07:38 2016 GMT]  loaded captcha.c                      22.61 KiB   FP:3b7937c5-5cccd2e9-0cb3506d-4e7694e6
[Sat Aug 13 13:07:38 2016 GMT]  loaded entity.c                       22.16 KiB   FP:b685ed2a-0658cbd3-260c7415-c8b83293
[Sat Aug 13 13:07:38 2016 GMT]  loaded setheaders.c                   18.36 KiB   FP:83812da3-9fa4c46a-43fd6cb6-d474ae2b
[Sat Aug 13 13:07:38 2016 GMT]  loaded httptime.c                     18.22 KiB   FP:7dbb3b3b-ef6e9283-a501e99f-914cf065
[Sat Aug 13 13:07:38 2016 GMT]  loaded redirect2.c                    17.92 KiB   FP:539176d6-c9afa7c6-8c3bac07-61e0589c
[Sat Aug 13 13:07:38 2016 GMT]  loaded cmd_loan.c                     22.48 KiB   FP:cb05aa23-5f062bda-6ec29cc0-5748169e
[Sat Aug 13 13:07:38 2016 GMT]  loaded cookies.c                      18.16 KiB   FP:dac644f8-137f7074-f00fb7ff-6182f5df
[Sat Aug 13 13:07:38 2016 GMT]  loaded entity_size.c                  17.10 KiB   FP:a81ab32a-333ad7a7-961b2068-a0409cee
[Sat Aug 13 13:07:38 2016 GMT]  loaded forum.c                        22.74 KiB   FP:dc626a40-e80582b2-11962876-11c2d150
[Sat Aug 13 13:07:38 2016 GMT]  loaded hellox.c                       17.10 KiB   FP:b4389c21-21ce9b7c-82c507ed-695f81a9
[Sat Aug 13 13:07:38 2016 GMT]  loaded redirect.c                     17.10 KiB   FP:bb7e56b7-05365418-8a27da20-7b2790a6
[Sat Aug 13 13:07:38 2016 GMT]  loaded asm.c                          17.93 KiB   FP:8c05ad81-ac9164cf-d6b11809-0406260e
[Sat Aug 13 13:07:38 2016 GMT]  loaded getheaders.c                   22.31 KiB   FP:61f27dc5-43b1298c-729ea789-97721a26
[Sat Aug 13 13:07:38 2016 GMT] Error(s) in hello.go
[Sat Aug 13 13:07:38 2016 GMT] exit(1): Error(s) in hello.go
[Sat Aug 13 13:08:19 2016 GMT] ------------------------------------------------
[Sat Aug 13 13:08:19 2016 GMT] G-WAN 7.12.6 64-bit (Feb  8 2016 16:33:28)
[Sat Aug 13 13:08:19 2016 GMT] ------------------------------------------------
[Sat Aug 13 13:08:19 2016 GMT] /srv/retailify/docker-gwan/gwan/gwan
[Sat Aug 13 13:08:19 2016 GMT] local time: Sat, 13 Aug 2016 15:08:19 GMT+2
[Sat Aug 13 13:08:19 2016 GMT] last system reboot: 2016-07-31 14:15
[Sat Aug 13 13:08:19 2016 GMT] RAM: (38.11 GiB free + 0 shared + 201.40 MiB buffers) / 47.22 GiB total
[Sat Aug 13 13:08:19 2016 GMT] physical pages: 38.11 GiB / 47.22 GiB
[Sat Aug 13 13:08:19 2016 GMT] disk: 2.74 TiB free / 2.75 TiB total
[Sat Aug 13 13:08:19 2016 GMT]  Filesystem     Type      Size  Used Avail Use% Mounted on
[Sat Aug 13 13:08:19 2016 GMT]  /dev/sda3      ext4      2.7T  7.9G  2.6T   1% /
[Sat Aug 13 13:08:19 2016 GMT]  devtmpfs       devtmpfs   24G     0   24G   0% /dev
[Sat Aug 13 13:08:19 2016 GMT]  tmpfs          tmpfs      24G   12K   24G   1% /dev/shm
[Sat Aug 13 13:08:19 2016 GMT]  tmpfs          tmpfs      24G  242M   24G   2% /run
[Sat Aug 13 13:08:19 2016 GMT]  tmpfs          tmpfs      24G     0   24G   0% /sys/fs/cgroup
[Sat Aug 13 13:08:19 2016 GMT]  /dev/sda2      ext4      488M  133M  320M  30% /boot
[Sat Aug 13 13:08:19 2016 GMT]  tmpfs          tmpfs     4.8G     0  4.8G   0% /run/user/0
[Sat Aug 13 13:08:19 2016 GMT]  tmpfs          tmpfs      24G     0   24G   0% /tmp
[Sat Aug 13 13:08:19 2016 GMT]  shm            tmpfs      64M     0   64M   0% /var/lib/docker/containers/d6675731a4291f292ec2d328078e294564a1a7971d994c267db1f7003bb96831/shm
[Sat Aug 13 13:08:19 2016 GMT]  shm            tmpfs      64M     0   64M   0% /var/lib/docker/containers/eac706814882a42a93c8922ec8d8076b85b81c5830dc9613c81a8c961adb6037/shm
[Sat Aug 13 13:08:19 2016 GMT]  shm            tmpfs      64M     0   64M   0% /var/lib/docker/containers/dc355b1d177dbf0a24c490b4f42f587abd4f2936a588095048ba0a74e8a36c59/shm
[Sat Aug 13 13:08:19 2016 GMT]  shm            tmpfs      64M     0   64M   0% /var/lib/docker/containers/8bb55da1b1140e182371a8664564280646a11b91bfd4077551ceabf7a7e9f52b/shm
[Sat Aug 13 13:08:19 2016 GMT]  shm            tmpfs      64M     0   64M   0% /var/lib/docker/containers/7000dddf0decd72805337490a5213f1686c6fb3d8aa7865722eb8f9b59fb9b39/shm
[Sat Aug 13 13:08:19 2016 GMT]  shm            tmpfs      64M     0   64M   0% /var/lib/docker/containers/c12f73374c640a525659cb8ebb092e60ab6f6d3102376e5cd9334a510f21c877/shm
[Sat Aug 13 13:08:19 2016 GMT] 1,096 processes, including pid:5919 '/opt/gwan/gwan'
[Sat Aug 13 13:08:19 2016 GMT] page-size:4,096 child-max:192,448 stream-max:16
[Sat Aug 13 13:08:19 2016 GMT] CPU: 2x Intel(R) Xeon(R) CPU E5620 @ 2.40GHz
[Sat Aug 13 13:08:19 2016 GMT]  0 id: 0   0,8
[Sat Aug 13 13:08:19 2016 GMT]  1 id: 1   1,9
[Sat Aug 13 13:08:19 2016 GMT]  2 id: 9  2,10
[Sat Aug 13 13:08:19 2016 GMT]  3 id:10  3,11
[Sat Aug 13 13:08:19 2016 GMT]  4 id: 0  4,12
[Sat Aug 13 13:08:19 2016 GMT]  5 id: 1  5,13
[Sat Aug 13 13:08:19 2016 GMT]  6 id: 9  6,14
[Sat Aug 13 13:08:19 2016 GMT]  7 id:10  7,15
[Sat Aug 13 13:08:19 2016 GMT]  8 id: 0   0,8
[Sat Aug 13 13:08:19 2016 GMT]  9 id: 1   1,9
[Sat Aug 13 13:08:19 2016 GMT] 10 id: 9  2,10
[Sat Aug 13 13:08:19 2016 GMT] 11 id:10  3,11
[Sat Aug 13 13:08:19 2016 GMT] 12 id: 0  4,12
[Sat Aug 13 13:08:19 2016 GMT] 13 id: 1  5,13
[Sat Aug 13 13:08:19 2016 GMT] 14 id: 9  6,14
[Sat Aug 13 13:08:19 2016 GMT] 15 id:10  7,15
[Sat Aug 13 13:08:19 2016 GMT] Cores: possible:0-23 present:0-15 online:0-15 
[Sat Aug 13 13:08:19 2016 GMT] L1d cache:   32K line:64   0,8
[Sat Aug 13 13:08:19 2016 GMT] L1i cache:   32K line:64   0,8
[Sat Aug 13 13:08:19 2016 GMT] L2  cache:  256K line:64   0,8
[Sat Aug 13 13:08:19 2016 GMT] L3  cache:12288K line:64 0-3,8
[Sat Aug 13 13:08:19 2016 GMT] NUMA node #1 0-3,8-11
[Sat Aug 13 13:08:19 2016 GMT] NUMA node #2 4-7,12-15
[Sat Aug 13 13:08:19 2016 GMT] CPU(s):2, Core(s)/CPU:4, Thread(s)/Core:2
[Sat Aug 13 13:08:19 2016 GMT] bogomips: 4,800.35 (per physical CPU Core)
[Sat Aug 13 13:08:19 2016 GMT] virtualization: VT-x
[Sat Aug 13 13:08:19 2016 GMT]   using   8 workers 0[11111111]7
[Sat Aug 13 13:08:19 2016 GMT]   among  16 threads 0[11111111][11111111]15
[Sat Aug 13 13:08:19 2016 GMT] 64-bit little-endian (least significant byte first)
[Sat Aug 13 13:08:19 2016 GMT] \S (3.10.0-327.22.2.) 64-bit
[Sat Aug 13 13:08:19 2016 GMT] user: root (uid:0), group: root (uid:0)
[Sat Aug 13 13:08:19 2016 GMT] backlog: 2,048
[Sat Aug 13 13:08:19 2016 GMT] epoll_fds: 10,089,820
[Sat Aug 13 13:08:19 2016 GMT] port range: 4096-65500
[Sat Aug 13 13:08:19 2016 GMT] system  fd_max: 1,024
[Sat Aug 13 13:08:19 2016 GMT] program fd_max: 1,024
[Sat Aug 13 13:08:19 2016 GMT] updated fd_max: 1,048,576
[Sat Aug 13 13:08:19 2016 GMT] virt max: -1, stack:8.00 MiB
[Sat Aug 13 13:08:19 2016 GMT] nic: hw
nic: 05:00.0 Ethernet controller: Intel Corporation 82571EB Gigabit Ethernet Controller (rev 06)
nic: 05:00.1 Ethernet controller: Intel Corporation 82571EB Gigabit Ethernet Controller (rev 06)
nic: 07:00.0 Ethernet controller: Intel Corporation 82576 Gigabit Network Connection (rev 01)
nic: 07:00.1 Ethernet controller: Intel Corporation 82576 Gigabit Network Connection (rev 01)
[Sat Aug 13 13:08:19 2016 GMT]  docker0: driver: bridge
 docker0: version: 2.3
 docker0: bus-info: N/A
 docker_gwbridge: driver: bridge
 docker_gwbridge: version: 2.3
 docker_gwbridge: bus-info: N/A
 enp5s0f0: driver: e1000e
 enp5s0f0: version: 3.2.5-k
 enp5s0f0: bus-info: 0000:05:00.0
 enp5s0f1: driver: e1000e
 enp5s0f1: version: 3.2.5-k
 enp5s0f1: bus-info: 0000:05:00.1
 enp7s0f0: driver: igb
 enp7s0f0: version: 5.2.15-k
 enp7s0f0: bus-info: 0000:07:00.0
 enp7s0f1: driver: igb
 enp7s0f1: version: 5.2.15-k
 enp7s0f1: bus-info: 0000:07:00.1
 veth123f725: driver: veth
 veth123f725: version: 1.0
 veth123f725: bus-info: 
 veth210243e: driver: veth
 veth210243e: version: 1.0
 veth210243e: bus-info: 
 veth970cf58: driver: veth
 veth970cf58: version: 1.0
 veth970cf58: bus-info: 
 vetha83be9a: driver: veth
 vetha83be9a: version: 1.0
 vetha83be9a: bus-info: 
 vethc905764: driver: veth
 vethc905764: version: 1.0
 vethc905764: bus-info: 
 vethd38dd52: driver: veth
 vethd38dd52: version: 1.0
 vethd38dd52: bus-info: 

[Sat Aug 13 13:08:19 2016 GMT] nic: ip addresses (4)
[Sat Aug 13 13:08:19 2016 GMT]  127.0.0.1
[Sat Aug 13 13:08:19 2016 GMT]  192.168.160.56
[Sat Aug 13 13:08:19 2016 GMT]  172.17.0.1
[Sat Aug 13 13:08:19 2016 GMT]  172.18.0.1
[Sat Aug 13 13:08:19 2016 GMT] gcc version 4.8.5 20150623
[Sat Aug 13 13:08:19 2016 GMT] minify:n caches: query_char:? default_lang:ANSI C
[Sat Aug 13 13:08:19 2016 GMT] memory footprint: 1.74 MiB
[Sat Aug 13 13:08:19 2016 GMT] host 0.0.0.0:80
[Sat Aug 13 13:08:19 2016 GMT]  plain /100.html
[Sat Aug 13 13:08:19 2016 GMT]  loaded hello.py                        2.36 KiB   FP:4737de7c-9fb55988-c972a06c-54bd1911
[Sat Aug 13 13:08:19 2016 GMT]  loaded captcha.c                      22.61 KiB   FP:3b7937c5-5cccd2e9-0cb3506d-4e7694e6
[Sat Aug 13 13:08:19 2016 GMT]  loaded entity.c                       22.16 KiB   FP:b685ed2a-0658cbd3-260c7415-c8b83293
[Sat Aug 13 13:08:19 2016 GMT]  loaded setheaders.c                   18.36 KiB   FP:83812da3-9fa4c46a-43fd6cb6-d474ae2b
[Sat Aug 13 13:08:19 2016 GMT]  loaded httptime.c                     18.22 KiB   FP:7dbb3b3b-ef6e9283-a501e99f-914cf065
[Sat Aug 13 13:08:19 2016 GMT]  loaded redirect2.c                    17.92 KiB   FP:539176d6-c9afa7c6-8c3bac07-61e0589c
[Sat Aug 13 13:08:19 2016 GMT]  loaded cmd_loan.c                     22.48 KiB   FP:cb05aa23-5f062bda-6ec29cc0-5748169e
[Sat Aug 13 13:08:19 2016 GMT]  loaded cookies.c                      18.16 KiB   FP:dac644f8-137f7074-f00fb7ff-6182f5df
[Sat Aug 13 13:08:19 2016 GMT]  loaded entity_size.c                  17.10 KiB   FP:a81ab32a-333ad7a7-961b2068-a0409cee
[Sat Aug 13 13:08:19 2016 GMT]  loaded forum.c                        22.74 KiB   FP:dc626a40-e80582b2-11962876-11c2d150
[Sat Aug 13 13:08:19 2016 GMT]  loaded hellox.c                       17.10 KiB   FP:b4389c21-21ce9b7c-82c507ed-695f81a9
[Sat Aug 13 13:08:19 2016 GMT]  loaded redirect.c                     17.10 KiB   FP:bb7e56b7-05365418-8a27da20-7b2790a6
[Sat Aug 13 13:08:19 2016 GMT]  loaded asm.c                          17.93 KiB   FP:8c05ad81-ac9164cf-d6b11809-0406260e
[Sat Aug 13 13:08:19 2016 GMT]  loaded getheaders.c                   22.31 KiB   FP:61f27dc5-43b1298c-729ea789-97721a26
[Sat Aug 13 13:08:19 2016 GMT]  loaded stream1.c                      18.00 KiB   FP:daa0de41-5b5f2301-29ac4f42-12375339
[Sat Aug 13 13:08:19 2016 GMT]  loaded charts.c                       23.58 KiB   FP:f0dc1dd9-a51e70f7-a9fe94eb-27cb7eee
[Sat Aug 13 13:08:19 2016 GMT]  loaded crash_libc.c                   17.92 KiB   FP:25d5b14d-f7766bf4-abbac3ae-7288f32d
[Sat Aug 13 13:08:19 2016 GMT]  loaded stream2.c                      18.08 KiB   FP:6257041e-0600e2f2-c6ae9430-ca5a5eee
[Sat Aug 13 13:08:19 2016 GMT]  loaded cookie.c                       17.92 KiB   FP:93ceed7e-c45c8929-68d34c28-701f592f
[Sat Aug 13 13:08:19 2016 GMT]  loaded hello.ph7                       1.31 KiB   FP:b1dfc8f0-d18b835e-84dba8d8-806c5d65
[Sat Aug 13 13:08:19 2016 GMT]  loaded rnd.c                          22.64 KiB   FP:809d5ce2-b019f5ca-8df654d3-52e34ddf
[Sat Aug 13 13:08:19 2016 GMT]  loaded div_by_zero.c                  17.10 KiB   FP:8bbb61f8-fe3b4b83-8696dd38-3bfd48a7
[Sat Aug 13 13:08:19 2016 GMT]  loaded hello.c                        18.00 KiB   FP:66cd5789-41e5b3d7-e943aae5-49b66383
[Sat Aug 13 13:08:19 2016 GMT]  loaded chart.c                        22.99 KiB   FP:986db9ca-e1cc6095-8b9065f1-1ad6976a
[Sat Aug 13 13:08:19 2016 GMT]  loaded json.c                         26.47 KiB   FP:b4cfe4e1-9a851721-36b89e74-7493a6fd
[Sat Aug 13 13:08:19 2016 GMT]  loaded www_csp.c                      17.10 KiB   FP:5cec8942-51b23549-9c14a03d-e46e6702
[Sat Aug 13 13:08:19 2016 GMT]  loaded exit.c                         17.92 KiB   FP:be795a84-5f5dd93a-34804df8-c63b9294
[Sat Aug 13 13:08:19 2016 GMT]  loaded noheaders.c                    17.93 KiB   FP:03ed5441-f6478995-1577d20d-44a6b21b
[Sat Aug 13 13:08:19 2016 GMT]  loaded 100.c                          17.10 KiB   FP:83ddca45-ba9d884e-54573bc9-feb1ee9a
[Sat Aug 13 13:08:19 2016 GMT]  loaded contact.c                      22.45 KiB   FP:684fdc7d-5f7411e7-b8c569e1-9cf734d4
[Sat Aug 13 13:08:19 2016 GMT]  loaded served_from.c                  22.00 KiB   FP:fb58b7e4-9d10f91a-d893fcc5-36513c0c
[Sat Aug 13 13:08:19 2016 GMT]  loaded kv.c                           26.40 KiB   FP:e22710e4-25eba11d-b3821d83-da5410c0
[Sat Aug 13 13:08:19 2016 GMT]  loaded stream3.c                      22.80 KiB   FP:57121b5a-2343bc0f-4709f3f3-745fc935
[Sat Aug 13 13:08:19 2016 GMT]  loaded httpdate.c                     22.43 KiB   FP:1104200c-aa1be9a9-e6c416a1-5b3ce363
[Sat Aug 13 13:08:19 2016 GMT]  loaded loan.c                         22.27 KiB   FP:b36657e8-1b80ca13-28cef38b-50b2b9e0
[Sat Aug 13 13:08:19 2016 GMT]  loaded crash_gwcall.c                 17.10 KiB   FP:add18683-3250ef93-0f32f2a3-96a43965
[Sat Aug 13 13:08:19 2016 GMT]  loaded crash.c                        17.92 KiB   FP:4b8c0d9d-d70a75f7-21b470ba-8ad8921c
[Sat Aug 13 13:08:19 2016 GMT]  loaded cache.c                        18.80 KiB   FP:482de6c4-8b614ab6-987c55d2-2ccd9f17
[Sat Aug 13 13:08:19 2016 GMT]  loaded persistence.c                  18.08 KiB   FP:bae92f8a-c7704586-2764e7e9-670a389f
[Sat Aug 13 13:08:19 2016 GMT]  loaded trace.c                        18.00 KiB   FP:ed12e823-204596ad-0b8248ce-6d6422b8
[Sat Aug 13 13:08:19 2016 GMT]  loaded auth_basic.c                   18.08 KiB   FP:a2bfce4e-8086c807-48b5e7b1-f49f6a6a
[Sat Aug 13 13:08:19 2016 GMT]  loaded data_uri.c                     22.64 KiB   FP:754fbf7a-166a7c09-f979c955-5b400a43
[Sat Aug 13 13:08:19 2016 GMT]  loaded hello.pl                        2.13 KiB   FP:1dc695df-f7dd230d-0bd61286-337700eb
[Sat Aug 13 13:08:19 2016 GMT]  loaded email.c                        18.32 KiB   FP:391a314d-4a909ada-90df74ed-27ea2d5e
[Sat Aug 13 13:08:19 2016 GMT]  loaded fractal.c                      22.21 KiB   FP:66ce1df1-68292433-55d574b4-04edd64a
[Sat Aug 13 13:08:19 2016 GMT]  loaded argv.c                         17.10 KiB   FP:6b22fa14-f4929a6a-7824395e-fdd20259
[Sat Aug 13 13:08:19 2016 GMT]  loaded base64.c                       18.00 KiB   FP:613bb29e-56128659-7a72a6b9-2c3d6d2e
[Sat Aug 13 13:08:19 2016 GMT]  loaded extern.c                       22.64 KiB   FP:374b0a52-13c41223-8bcab0b0-0c8af41e
[Sat Aug 13 13:08:19 2016 GMT]  loaded httptime(poco).c               18.22 KiB   FP:7dbb3b3b-ef6e9283-a501e99f-914cf065
[Sat Aug 13 13:08:19 2016 GMT]  loaded servlet_name.c                 17.10 KiB   FP:0f15c208-a5fcd8ad-ba3e6708-7a12a4c2
[Sat Aug 13 13:08:19 2016 GMT]  loaded throttle.c                     18.24 KiB   FP:40016a15-b1276532-5f7d3460-8b79d9a3
[Sat Aug 13 13:08:19 2016 GMT]  loaded request.c                      22.45 KiB   FP:f796f338-16ef38f6-ab1cc713-f5919fe1
[Sat Aug 13 13:08:19 2016 GMT]  loaded report.c                       17.93 KiB   FP:4b95b407-f5a0c1d8-8c7107aa-81f7e32a
[Sat Aug 13 13:08:19 2016 GMT]  loaded json_bench.c                   23.48 KiB   FP:6f74ce72-4e587972-5e0a1b7c-f75f0d08
[Sat Aug 13 13:08:19 2016 GMT]  loaded hello.lua                       2.29 KiB   FP:e4cd5e54-245e6963-a1aa703d-2f33a53b
[Sat Aug 13 13:08:19 2016 GMT]  loaded bigtable.c                     18.16 KiB   FP:0b118eb5-4b37afb7-c4395036-50126594
[Sat Aug 13 13:08:19 2016 GMT]  loaded power.c                        17.10 KiB   FP:440b0338-d4d321c2-67b8ddd6-ea4b0304
[Sat Aug 13 13:08:19 2016 GMT]  loaded comet.c                        22.33 KiB   FP:9c6b6cea-73336a16-422af03c-51b3ec1f
[Sat Aug 13 13:08:25 2016 GMT] memory footprint: 24.90 MiB (with PH7 VM loaded)
[Sat Aug 13 13:08:25 2016 GMT] * can't change for group 'www-data'
[Sat Aug 13 13:08:25 2016 GMT] * can't change for user 'www-data'
